Java/Java Application Development/Chapter5Project/app/build/intermediates/manifest_merge_blame_file/debug/manifest-merger-blame-debug-report.txt
1<?xml version="1.0" encoding="utf-8"?>
2<manifest xmlns:android="http://schemas.android.com/apk/res/android"
3    package="com.example.chapter5project"
4    android:versionCode="1"
5    android:versionName="1.0" >
6
7    <uses-sdk
8        android:minSdkVersion="26"
8-->src\main\AndroidManifest.xml
9        android:targetSdkVersion="32" />
9-->src\main\AndroidManifest.xml
10
11    <application
11-->src\main\AndroidManifest.xml:5:5-63:19
12        android:allowBackup="true"
12-->src\main\AndroidManifest.xml:6:9-35
13        android:appComponentFactory="androidx.core.app.CoreComponentFactory"
13-->[androidx.core:core:1.8.0] AndroidManifest.xml:24:18-86
14        android:dataExtractionRules="@xml/data_extraction_rules"
14-->src\main\AndroidManifest.xml:7:9-65
15        android:debuggable="true"
16        android:extractNativeLibs="false"
17        android:fullBackupContent="@xml/backup_rules"
17-->src\main\AndroidManifest.xml:8:9-54
18        android:icon="@mipmap/buildingsic_launcher"
18-->src\main\AndroidManifest.xml:9:9-52
19        android:label="@string/app_name"
19-->src\main\AndroidManifest.xml:10:9-41
20        android:roundIcon="@mipmap/buildingsic_launcher_round"
20-->src\main\AndroidManifest.xml:11:9-63
21        android:supportsRtl="true"
21-->src\main\AndroidManifest.xml:12:9-35
22        android:testOnly="true"
23        android:theme="@style/Theme.AppCompat" >
23-->src\main\AndroidManifest.xml:13:9-47
24        <activity
24-->src\main\AndroidManifest.xml:15:9-21:20
25            android:name="com.example.chapter5project.Stonehenge"
25-->src\main\AndroidManifest.xml:16:13-39
26            android:exported="false" >
26-->src\main\AndroidManifest.xml:17:13-37
27            <meta-data
27-->src\main\AndroidManifest.xml:18:13-20:36
28                android:name="android.app.lib_name"
28-->src\main\AndroidManifest.xml:19:17-52
29                android:value="" />
29-->src\main\AndroidManifest.xml:20:17-33
30        </activity>
31        <activity
31-->src\main\AndroidManifest.xml:22:9-28:20
32            android:name="com.example.chapter5project.OneWorld"
32-->src\main\AndroidManifest.xml:23:13-37
33            android:exported="false" >
33-->src\main\AndroidManifest.xml:24:13-37
34            <meta-data
34-->src\main\AndroidManifest.xml:18:13-20:36
35                android:name="android.app.lib_name"
35-->src\main\AndroidManifest.xml:19:17-52
36                android:value="" />
36-->src\main\AndroidManifest.xml:20:17-33
37        </activity>
38        <activity
38-->src\main\AndroidManifest.xml:29:9-35:20
39            android:name="com.example.chapter5project.Liberty"
39-->src\main\AndroidManifest.xml:30:13-36
40            android:exported="false" >
40-->src\main\AndroidManifest.xml:31:13-37
41            <meta-data
41-->src\main\AndroidManifest.xml:18:13-20:36
42                android:name="android.app.lib_name"
42-->src\main\AndroidManifest.xml:19:17-52
43                android:value="" />
43-->src\main\AndroidManifest.xml:20:17-33
44        </activity>
45        <activity
45-->src\main\AndroidManifest.xml:36:9-42:20
46            android:name="com.example.chapter5project.KyotoTower"
46-->src\main\AndroidManifest.xml:37:13-39
47            android:exported="false" >
47-->src\main\AndroidManifest.xml:38:13-37
48            <meta-data
48-->src\main\AndroidManifest.xml:18:13-20:36
49                android:name="android.app.lib_name"
49-->src\main\AndroidManifest.xml:19:17-52
50                android:value="" />
50-->src\main\AndroidManifest.xml:20:17-33
51        </activity>
52        <activity
52-->src\main\AndroidManifest.xml:43:9-49:20
53            android:name="com.example.chapter5project.EiffelTower"
53-->src\main\AndroidManifest.xml:44:13-40
54            android:exported="false" >
54-->src\main\AndroidManifest.xml:45:13-37
55            <meta-data
55-->src\main\AndroidManifest.xml:18:13-20:36
56                android:name="android.app.lib_name"
56-->src\main\AndroidManifest.xml:19:17-52
57                android:value="" />
57-->src\main\AndroidManifest.xml:20:17-33
58        </activity>
59        <activity
59-->src\main\AndroidManifest.xml:50:9-62:20
60            android:name="com.example.chapter5project.MainActivity"
60-->src\main\AndroidManifest.xml:51:13-41
61            android:exported="true" >
61-->src\main\AndroidManifest.xml:52:13-36
62            <intent-filter>
62-->src\main\AndroidManifest.xml:53:13-57:29
63                <action android:name="android.intent.action.MAIN" />
63-->src\main\AndroidManifest.xml:54:17-69
63-->src\main\AndroidManifest.xml:54:25-66
64
65                <category android:name="android.intent.category.LAUNCHER" />
65-->src\main\AndroidManifest.xml:56:17-77
65-->src\main\AndroidManifest.xml:56:27-74
66            </intent-filter>
67
68            <meta-data
68-->src\main\AndroidManifest.xml:18:13-20:36
69                android:name="android.app.lib_name"
69-->src\main\AndroidManifest.xml:19:17-52
70                android:value="" />
70-->src\main\AndroidManifest.xml:20:17-33
71        </activity>
72
73        <provider
73-->[androidx.emoji2:emoji2:1.2.0] AndroidManifest.xml:24:9-32:20
74            android:name="androidx.startup.InitializationProvider"
74-->[androidx.emoji2:emoji2:1.2.0] AndroidManifest.xml:25:13-67
75            android:authorities="com.example.chapter5project.androidx-startup"
75-->[androidx.emoji2:emoji2:1.2.0] AndroidManifest.xml:26:13-68
76            android:exported="false" >
76-->[androidx.emoji2:emoji2:1.2.0] AndroidManifest.xml:27:13-37
77            <meta-data
77-->[androidx.emoji2:emoji2:1.2.0] AndroidManifest.xml:29:13-31:52
78                android:name="androidx.emoji2.text.EmojiCompatInitializer"
78-->[androidx.emoji2:emoji2:1.2.0] AndroidManifest.xml:30:17-75
79                android:value="androidx.startup" />
79-->[androidx.emoji2:emoji2:1.2.0] AndroidManifest.xml:31:17-49
80            <meta-data
80-->[androidx.lifecycle:lifecycle-process:2.4.1] AndroidManifest.xml:31:13-33:52
81                android:name="androidx.lifecycle.ProcessLifecycleInitializer"
81-->[androidx.lifecycle:lifecycle-process:2.4.1] AndroidManifest.xml:32:17-78
82                android:value="androidx.startup" />
82-->[androidx.lifecycle:lifecycle-process:2.4.1] AndroidManifest.xml:33:17-49
83        </provider>
84    </application>
85
86</manifest>